0 info it worked if it ends with ok
1 verbose cli [ '/home/amtrix/srcs/node-v6.6.0-linux-x64/bin/node',
1 verbose cli   '/home/amtrix/srcs/node-v6.6.0-linux-x64/bin/npm',
1 verbose cli   'start' ]
2 info using npm@3.10.3
3 info using node@v6.6.0
4 verbose run-script [ 'prestart', 'start', 'poststart' ]
5 info lifecycle ProjectABC@1.0.0~prestart: ProjectABC@1.0.0
6 silly lifecycle ProjectABC@1.0.0~prestart: no script for prestart, continuing
7 info lifecycle ProjectABC@1.0.0~start: ProjectABC@1.0.0
8 verbose lifecycle ProjectABC@1.0.0~start: unsafe-perm in lifecycle true
9 verbose lifecycle ProjectABC@1.0.0~start: PATH: /home/amtrix/srcs/node-v6.6.0-linux-x64/lib/node_modules/npm/bin/node-gyp-bin:/home/amtrix/Projects/typescript-starter-pack/node_modules/.bin:/home/amtrix/srcs/node-v6.6.0-linux-x64/bin:/home/amtrix/srcs/node-v6.6.0-linux-x64/bin/:/home/amtrix/bin:/home/amtrix/.local/bin:/usr/local/sbin:/usr/local/bin:/usr/sbin:/usr/bin:/sbin:/bin:/usr/games:/usr/local/games:/snap/bin
10 verbose lifecycle ProjectABC@1.0.0~start: CWD: /home/amtrix/Projects/typescript-starter-pack
11 silly lifecycle ProjectABC@1.0.0~start: Args: [ '-c', 'node build/server/main.js' ]
12 silly lifecycle ProjectABC@1.0.0~start: Returned: code: 1  signal: null
13 info lifecycle ProjectABC@1.0.0~start: Failed to exec start script
14 verbose stack Error: ProjectABC@1.0.0 start: `node build/server/main.js`
14 verbose stack Exit status 1
14 verbose stack     at EventEmitter.<anonymous> (/home/amtrix/srcs/node-v6.6.0-linux-x64/lib/node_modules/npm/lib/utils/lifecycle.js:242:16)
14 verbose stack     at emitTwo (events.js:106:13)
14 verbose stack     at EventEmitter.emit (events.js:191:7)
14 verbose stack     at ChildProcess.<anonymous> (/home/amtrix/srcs/node-v6.6.0-linux-x64/lib/node_modules/npm/lib/utils/spawn.js:40:14)
14 verbose stack     at emitTwo (events.js:106:13)
14 verbose stack     at ChildProcess.emit (events.js:191:7)
14 verbose stack     at maybeClose (internal/child_process.js:877:16)
14 verbose stack     at Process.ChildProcess._handle.onexit (internal/child_process.js:226:5)
15 verbose pkgid ProjectABC@1.0.0
16 verbose cwd /home/amtrix/Projects/typescript-starter-pack
17 error Linux 4.4.0-38-generic
18 error argv "/home/amtrix/srcs/node-v6.6.0-linux-x64/bin/node" "/home/amtrix/srcs/node-v6.6.0-linux-x64/bin/npm" "start"
19 error node v6.6.0
20 error npm  v3.10.3
21 error code ELIFECYCLE
22 error ProjectABC@1.0.0 start: `node build/server/main.js`
22 error Exit status 1
23 error Failed at the ProjectABC@1.0.0 start script 'node build/server/main.js'.
23 error Make sure you have the latest version of node.js and npm installed.
23 error If you do, this is most likely a problem with the ProjectABC package,
23 error not with npm itself.
23 error Tell the author that this fails on your system:
23 error     node build/server/main.js
23 error You can get information on how to open an issue for this project with:
23 error     npm bugs ProjectABC
23 error Or if that isn't available, you can get their info via:
23 error     npm owner ls ProjectABC
23 error There is likely additional logging output above.
24 verbose exit [ 1, true ]
